{"/home/sdrivert/Desktop/tallerpruebas/index.js": {"path":"/home/sdrivert/Desktop/tallerpruebas/index.js","statementMap":{"0":{"start":{"line":3,"column":2},"end":{"line":3,"column":15}},"1":{"start":{"line":7,"column":2},"end":{"line":7,"column":15}},"2":{"start":{"line":11,"column":2},"end":{"line":11,"column":15}},"3":{"start":{"line":15,"column":2},"end":{"line":17,"column":3}},"4":{"start":{"line":16,"column":4},"end":{"line":16,"column":55}},"5":{"start":{"line":18,"column":2},"end":{"line":18,"column":15}},"6":{"start":{"line":53,"column":0},"end":{"line":58,"column":2}}},"fnMap":{"0":{"name":"sum","decl":{"start":{"line":2,"column":9},"end":{"line":2,"column":12}},"loc":{"start":{"line":2,"column":19},"end":{"line":4,"column":1}},"line":2},"1":{"name":"subtract","decl":{"start":{"line":6,"column":9},"end":{"line":6,"column":17}},"loc":{"start":{"line":6,"column":24},"end":{"line":8,"column":1}},"line":6},"2":{"name":"multiply","decl":{"start":{"line":10,"column":9},"end":{"line":10,"column":17}},"loc":{"start":{"line":10,"column":24},"end":{"line":12,"column":1}},"line":10},"3":{"name":"divide","decl":{"start":{"line":14,"column":9},"end":{"line":14,"column":15}},"loc":{"start":{"line":14,"column":22},"end":{"line":19,"column":1}},"line":14}},"branchMap":{"0":{"loc":{"start":{"line":15,"column":2},"end":{"line":17,"column":3}},"type":"if","locations":[{"start":{"line":15,"column":2},"end":{"line":17,"column":3}},{"start":{},"end":{}}],"line":15}},"s":{"0":3,"1":3,"2":3,"3":4,"4":1,"5":3,"6":1},"f":{"0":3,"1":3,"2":3,"3":4},"b":{"0":[1,3]},"_coverageSchema":"1a1c01bbd47fc00a2c39e90264f33305004495a9","hash":"2a3dd37318e9f87cdb7fc097123dc332773f527f"}
}
